# JRE version: OpenJDK Runtime Environment (17.0.6) (build 17.0.6+0-b2043.56-10027231)
# Java VM: OpenJDK 64-Bit Server VM (17.0.6+0-b2043.56-10027231, mixed mode, tiered, compressed oops, compressed class ptrs, g1 gc, windows-amd64)
GC Precious Log:
 CPUs: 8 total, 8 available
 Memory: 12030M
 Large Page Support: Disabled
 NUMA Support: Disabled
 Compressed Oops: Enabled (32-bit)
 Heap Region Size: 1M
 Heap Min Capacity: 8M
 Heap Initial Capacity: 188M
 Heap Max Capacity: 2G
 Pre-touch: Disabled
 Parallel Workers: 8
 Concurrent Workers: 2
 Concurrent Refinement Workers: 8
 Periodic GC: Disabled
Heap:
 garbage-first heap   total 165888K, used 98763K [0x0000000080000000, 0x0000000100000000)
  region size 1024K, 12 young (12288K), 6 survivors (6144K)
 Metaspace       used 93496K, committed 94464K, reserved 1130496K
  class space    used 12636K, committed 13056K, reserved 1048576K
GC Heap History (20 events):
Event: 21.540 GC heap before
{Heap before GC invocations=44 (full 0):
 garbage-first heap   total 138240K, used 110874K [0x0000000080000000, 0x0000000100000000)
  region size 1024K, 38 young (38912K), 3 survivors (3072K)
 Metaspace       used 90504K, committed 91200K, reserved 1130496K
  class space    used 12460K, committed 12800K, reserved 1048576K
}
Event: 21.543 GC heap after
{Heap after GC invocations=45 (full 0):
 garbage-first heap   total 138240K, used 78114K [0x0000000080000000, 0x0000000100000000)
  region size 1024K, 5 young (5120K), 5 survivors (5120K)
 Metaspace       used 90504K, committed 91200K, reserved 1130496K
  class space    used 12460K, committed 12800K, reserved 1048576K
}
Event: 21.993 GC heap before
{Heap before GC invocations=46 (full 0):
 garbage-first heap   total 138240K, used 111906K [0x0000000080000000, 0x0000000100000000)
  region size 1024K, 39 young (39936K), 5 survivors (5120K)
 Metaspace       used 91006K, committed 91712K, reserved 1130496K
  class space    used 12503K, committed 12864K, reserved 1048576K
}
Event: 21.999 GC heap after
{Heap after GC invocations=47 (full 0):
 garbage-first heap   total 138240K, used 80653K [0x0000000080000000, 0x0000000100000000)
  region size 1024K, 5 young (5120K), 5 survivors (5120K)
 Metaspace       used 91006K, committed 91712K, reserved 1130496K
  class space    used 12503K, committed 12864K, reserved 1048576K
}
Event: 22.009 GC heap before
{Heap before GC invocations=47 (full 0):
 garbage-first heap   total 138240K, used 81677K [0x0000000080000000, 0x0000000100000000)
  region size 1024K, 6 young (6144K), 5 survivors (5120K)
 Metaspace       used 91017K, committed 91712K, reserved 1130496K
  class space    used 12503K, committed 12864K, reserved 1048576K
}
Event: 22.013 GC heap after
{Heap after GC invocations=48 (full 0):
 garbage-first heap   total 165888K, used 80839K [0x0000000080000000, 0x0000000100000000)
  region size 1024K, 1 young (1024K), 1 survivors (1024K)
 Metaspace       used 91017K, committed 91712K, reserved 1130496K
  class space    used 12503K, committed 12864K, reserved 1048576K
}
Event: 22.452 GC heap before
{Heap before GC invocations=48 (full 0):
 garbage-first heap   total 165888K, used 129991K [0x0000000080000000, 0x0000000100000000)
  region size 1024K, 50 young (51200K), 1 survivors (1024K)
 Metaspace       used 91259K, committed 91968K, reserved 1130496K
  class space    used 12509K, committed 12864K, reserved 1048576K
}
Event: 22.456 GC heap after
{Heap after GC invocations=49 (full 0):
 garbage-first heap   total 165888K, used 83095K [0x0000000080000000, 0x0000000100000000)
  region size 1024K, 3 young (3072K), 3 survivors (3072K)
 Metaspace       used 91259K, committed 91968K, reserved 1130496K
  class space    used 12509K, committed 12864K, reserved 1048576K
}
Event: 122.334 GC heap before
{Heap before GC invocations=50 (full 0):
 garbage-first heap   total 165888K, used 133271K [0x0000000080000000, 0x0000000100000000)
  region size 1024K, 53 young (54272K), 3 survivors (3072K)
 Metaspace       used 92634K, committed 93376K, reserved 1130496K
  class space    used 12654K, committed 12992K, reserved 1048576K
}
Event: 122.340 GC heap after
{Heap after GC invocations=51 (full 0):
 garbage-first heap   total 165888K, used 87272K [0x0000000080000000, 0x0000000100000000)
  region size 1024K, 7 young (7168K), 7 survivors (7168K)
 Metaspace       used 92634K, committed 93376K, reserved 1130496K
  class space    used 12654K, committed 12992K, reserved 1048576K
}
Event: 122.358 GC heap before
{Heap before GC invocations=51 (full 0):
 garbage-first heap   total 165888K, used 88296K [0x0000000080000000, 0x0000000100000000)
  region size 1024K, 8 young (8192K), 7 survivors (7168K)
 Metaspace       used 92649K, committed 93376K, reserved 1130496K
  class space    used 12654K, committed 12992K, reserved 1048576K
}
Event: 122.364 GC heap after
{Heap after GC invocations=52 (full 0):
 garbage-first heap   total 165888K, used 87852K [0x0000000080000000, 0x0000000100000000)
  region size 1024K, 1 young (1024K), 1 survivors (1024K)
 Metaspace       used 92649K, committed 93376K, reserved 1130496K
  class space    used 12654K, committed 12992K, reserved 1048576K
}
Event: 874.017 GC heap before
{Heap before GC invocations=52 (full 0):
 garbage-first heap   total 165888K, used 133932K [0x0000000080000000, 0x0000000100000000)
  region size 1024K, 47 young (48128K), 1 survivors (1024K)
 Metaspace       used 93226K, committed 93888K, reserved 1130496K
  class space    used 12666K, committed 12992K, reserved 1048576K
}
Event: 874.079 GC heap after
{Heap after GC invocations=53 (full 0):
 garbage-first heap   total 165888K, used 90537K [0x0000000080000000, 0x0000000100000000)
  region size 1024K, 4 young (4096K), 4 survivors (4096K)
 Metaspace       used 93226K, committed 93888K, reserved 1130496K
  class space    used 12666K, committed 12992K, reserved 1048576K
}
Event: 3181.778 GC heap before
{Heap before GC invocations=54 (full 0):
 garbage-first heap   total 165888K, used 135593K [0x0000000080000000, 0x0000000100000000)
  region size 1024K, 48 young (49152K), 4 survivors (4096K)
 Metaspace       used 93361K, committed 94080K, reserved 1130496K
  class space    used 12670K, committed 12992K, reserved 1048576K
}
Event: 3181.800 GC heap after
{Heap after GC invocations=55 (full 0):
 garbage-first heap   total 165888K, used 90852K [0x0000000080000000, 0x0000000100000000)
  region size 1024K, 1 young (1024K), 1 survivors (1024K)
 Metaspace       used 93361K, committed 94080K, reserved 1130496K
  class space    used 12670K, committed 12992K, reserved 1048576K
}
Event: 3450.056 GC heap before
{Heap before GC invocations=55 (full 0):
 garbage-first heap   total 165888K, used 98020K [0x0000000080000000, 0x0000000100000000)
  region size 1024K, 8 young (8192K), 1 survivors (1024K)
 Metaspace       used 93371K, committed 94080K, reserved 1130496K
  class space    used 12670K, committed 12992K, reserved 1048576K
}
Event: 3450.075 GC heap after
{Heap after GC invocations=56 (full 0):
 garbage-first heap   total 165888K, used 88336K [0x0000000080000000, 0x0000000100000000)
  region size 1024K, 1 young (1024K), 1 survivors (1024K)
 Metaspace       used 93371K, committed 94080K, reserved 1130496K
  class space    used 12670K, committed 12992K, reserved 1048576K
}
Event: 3451.383 GC heap before
{Heap before GC invocations=56 (full 0):
 garbage-first heap   total 165888K, used 136464K [0x0000000080000000, 0x0000000100000000)
  region size 1024K, 49 young (50176K), 1 survivors (1024K)
 Metaspace       used 93685K, committed 94464K, reserved 1130496K
  class space    used 12686K, committed 13056K, reserved 1048576K
}
Event: 3451.396 GC heap after
{Heap after GC invocations=57 (full 0):
 garbage-first heap   total 165888K, used 93643K [0x0000000080000000, 0x0000000100000000)
  region size 1024K, 6 young (6144K), 6 survivors (6144K)
 Metaspace       used 93685K, committed 94464K, reserved 1130496K
  class space    used 12686K, committed 13056K, reserved 1048576K
}

